[2024-04-09 23:02:23|18516|INFO|base_model.py:91]  session [3142895473360] and [RegressPredict] has an operator: QUERY.
[2024-04-09 23:02:23|18516|INFO|sales_view.py:28]  Regress Predict init successfully
[2024-04-09 23:02:23|10660|INFO|base_model.py:91]  session [3142895474800] and [RegressPredict] has an operator: QUERY.
[2024-04-09 23:02:23|10660|INFO|sales_view.py:28]  Regress Predict init successfully
[2024-04-09 23:02:30|2608|INFO|base_model.py:91]  session [3142897239184] and [RegressPredict] has an operator: QUERY.
[2024-04-09 23:02:30|2608|INFO|sales_view.py:28]  Regress Predict init successfully
[2024-04-09 23:02:41|24076|INFO|base_model.py:91]  session [3142897245232] and [Part] has an operator: QUERY.
[2024-04-09 23:02:41|24076|INFO|part_view.py:33]  part init successfully
[2024-04-09 23:02:41|3604|INFO|base_model.py:91]  session [3142897240816] and [Part] has an operator: QUERY.
[2024-04-09 23:02:41|3604|INFO|part_view.py:33]  part init successfully
[2024-04-09 23:02:42|10156|INFO|base_model.py:91]  session [3142897248112] and [RegressPredict] has an operator: QUERY.
[2024-04-09 23:02:42|10156|INFO|sales_view.py:28]  Regress Predict init successfully
[2024-04-09 23:02:43|27020|INFO|base_model.py:91]  session [3142897248112] and [RegressPredict] has an operator: QUERY.
[2024-04-09 23:02:43|27020|INFO|sales_view.py:28]  Regress Predict init successfully
[2024-04-09 23:02:50|26528|INFO|base_model.py:91]  session [3142897252432] and [Part] has an operator: QUERY.
[2024-04-09 23:02:50|26528|INFO|part_view.py:33]  part init successfully
[2024-04-09 23:02:50|21980|INFO|base_model.py:91]  session [3142897243984] and [Part] has an operator: QUERY.
[2024-04-09 23:02:50|21980|INFO|part_view.py:33]  part init successfully
[2024-04-09 23:02:53|21756|INFO|base_model.py:91]  session [3142897254208] and [Part] has an operator: QUERY.
[2024-04-09 23:02:53|21756|INFO|part_view.py:83]  part search successfully
[2024-04-09 23:03:09|18564|INFO|base_model.py:91]  session [3142897243888] and [Vehicle] has an operator: QUERY.
[2024-04-09 23:03:09|18564|INFO|vehicle_view.py:25]  Vehicle init successfully
[2024-04-09 23:03:09|23532|INFO|base_model.py:91]  session [3142897245424] and [Vehicle] has an operator: QUERY.
[2024-04-09 23:03:09|23532|INFO|vehicle_view.py:25]  Vehicle init successfully
[2024-04-09 23:03:15|12224|INFO|base_model.py:91]  session [3142897241104] and [Transport] has an operator: QUERY.
[2024-04-09 23:03:15|12224|INFO|vehicle_view.py:62]  transport init successfully
[2024-04-09 23:03:15|22308|INFO|base_model.py:91]  session [3142897686448] and [Transport] has an operator: QUERY.
[2024-04-09 23:03:15|22308|INFO|vehicle_view.py:62]  transport init successfully
[2024-04-09 23:03:20|21500|INFO|base_model.py:91]  session [3142897685920] and [TransportCost] has an operator: QUERY.
[2024-04-09 23:03:20|21500|INFO|vehicle_view.py:93]  transport cost successfully
[2024-04-09 23:03:20|19176|INFO|base_model.py:91]  session [3142897253872] and [TransportCost] has an operator: QUERY.
[2024-04-09 23:03:20|19176|INFO|vehicle_view.py:93]  transport cost successfully
[2024-04-09 23:03:33|9708|INFO|base_model.py:91]  session [3142897691920] and [TransportCost] has an operator: QUERY.
[2024-04-09 23:03:33|9708|INFO|vehicle_view.py:93]  transport cost successfully
