[2024-06-05 19:31:44|14972|ERROR|__init__.py:110]  _get_source_fast error, info is index.html
[2024-06-05 19:31:44|14972|ERROR|__init__.py:111]  Traceback (most recent call last):
  File "D:\ruanjian\Python\Python310\lib\site-packages\flask\app.py", line 870, in full_dispatch_request
    rv = self.dispatch_request()
  File "D:\ruanjian\Python\Python310\lib\site-packages\flask\app.py", line 855, in dispatch_request
    return self.ensure_sync(self.view_functions[rule.endpoint])(**view_args)  # type: ignore[no-any-return]
  File "D:\py_learn\learn\LogisticsDesign\back_end\__init__.py", line 125, in index
    return render_template('index.html', name='index')
  File "D:\ruanjian\Python\Python310\lib\site-packages\flask\templating.py", line 149, in render_template
    template = app.jinja_env.get_or_select_template(template_name_or_list)
  File "D:\ruanjian\Python\Python310\lib\site-packages\jinja2\environment.py", line 1081, in get_or_select_template
    return self.get_template(template_name_or_list, parent, globals)
  File "D:\ruanjian\Python\Python310\lib\site-packages\jinja2\environment.py", line 1010, in get_template
    return self._load_template(name, globals)
  File "D:\ruanjian\Python\Python310\lib\site-packages\jinja2\environment.py", line 969, in _load_template
    template = self.loader.load(self, name, self.make_globals(globals))
  File "D:\ruanjian\Python\Python310\lib\site-packages\jinja2\loaders.py", line 125, in load
    source, filename, uptodate = self.get_source(environment, name)
  File "D:\ruanjian\Python\Python310\lib\site-packages\flask\templating.py", line 65, in get_source
    return self._get_source_fast(environment, template)
  File "D:\ruanjian\Python\Python310\lib\site-packages\flask\templating.py", line 99, in _get_source_fast
    raise TemplateNotFound(template)
jinja2.exceptions.TemplateNotFound: index.html

