[2024-09-16 19:27:49|25164|INFO|db_init.py:108]  drop my table successfully
[2024-09-16 19:27:49|25164|INFO|db_init.py:141]  create my table successfully
[2024-09-16 19:27:51|25164|INFO|db_init.py:170]  Import excel data [part] successfully
[2024-09-16 19:27:51|25164|INFO|db_init.py:170]  Import excel data [part_optimize] successfully
[2024-09-16 19:27:51|25164|INFO|db_init.py:170]  Import excel data [vehicle] successfully
[2024-09-16 19:27:51|25164|INFO|db_init.py:170]  Import excel data [regress_predict] successfully
[2024-09-16 19:27:51|25164|INFO|db_init.py:170]  Import excel data [transport] successfully
[2024-09-16 19:27:51|25164|INFO|db_init.py:170]  Import excel data [transport_cost] successfully
[2024-09-16 19:27:52|25164|INFO|db_init.py:170]  Import excel data [empty_car] successfully
[2024-09-16 19:31:26|17620|INFO|db_init.py:108]  drop my table successfully
[2024-09-16 19:31:26|17620|INFO|db_init.py:141]  create my table successfully
[2024-09-16 19:31:28|17620|INFO|db_init.py:170]  Import excel data [part] successfully
[2024-09-16 19:31:28|17620|INFO|db_init.py:170]  Import excel data [part_optimize] successfully
[2024-09-16 19:31:28|17620|INFO|db_init.py:170]  Import excel data [vehicle] successfully
[2024-09-16 19:31:28|17620|INFO|db_init.py:170]  Import excel data [regress_predict] successfully
[2024-09-16 19:31:29|17620|INFO|db_init.py:170]  Import excel data [transport] successfully
[2024-09-16 19:31:29|17620|INFO|db_init.py:170]  Import excel data [transport_cost] successfully
[2024-09-16 19:31:29|17620|INFO|db_init.py:170]  Import excel data [empty_car] successfully
[2024-09-16 19:31:51|26168|INFO|db_init.py:108]  drop my table successfully
[2024-09-16 19:31:51|26168|INFO|db_init.py:141]  create my table successfully
[2024-09-16 19:31:54|26168|INFO|db_init.py:170]  Import excel data [part] successfully
[2024-09-16 19:31:54|26168|INFO|db_init.py:170]  Import excel data [part_optimize] successfully
[2024-09-16 19:31:55|26168|INFO|db_init.py:170]  Import excel data [vehicle] successfully
[2024-09-16 19:31:55|26168|INFO|db_init.py:170]  Import excel data [regress_predict] successfully
[2024-09-16 19:31:55|26168|INFO|db_init.py:170]  Import excel data [transport] successfully
[2024-09-16 19:31:55|26168|INFO|db_init.py:170]  Import excel data [transport_cost] successfully
[2024-09-16 19:31:57|26168|INFO|db_init.py:170]  Import excel data [empty_car] successfully
[2024-09-16 19:32:50|19572|INFO|db_init.py:108]  drop my table successfully
[2024-09-16 19:32:50|19572|INFO|db_init.py:141]  create my table successfully
[2024-09-16 19:32:52|19572|INFO|db_init.py:170]  Import excel data [part] successfully
[2024-09-16 19:32:53|19572|INFO|db_init.py:170]  Import excel data [part_optimize] successfully
[2024-09-16 19:32:53|19572|INFO|db_init.py:170]  Import excel data [vehicle] successfully
[2024-09-16 19:32:54|19572|INFO|db_init.py:170]  Import excel data [regress_predict] successfully
[2024-09-16 19:32:54|19572|INFO|db_init.py:170]  Import excel data [transport] successfully
[2024-09-16 19:32:54|19572|INFO|db_init.py:170]  Import excel data [transport_cost] successfully
[2024-09-16 19:32:57|19572|INFO|db_init.py:170]  Import excel data [empty_car] successfully
[2024-09-16 19:33:31|10748|INFO|db_init.py:108]  drop my table successfully
[2024-09-16 19:33:31|10748|INFO|db_init.py:141]  create my table successfully
[2024-09-16 19:33:32|10748|INFO|db_init.py:170]  Import excel data [part] successfully
[2024-09-16 19:33:33|10748|INFO|db_init.py:170]  Import excel data [part_optimize] successfully
[2024-09-16 19:33:33|10748|INFO|db_init.py:170]  Import excel data [vehicle] successfully
[2024-09-16 19:33:33|10748|INFO|db_init.py:170]  Import excel data [regress_predict] successfully
[2024-09-16 19:33:33|10748|INFO|db_init.py:170]  Import excel data [transport] successfully
[2024-09-16 19:33:33|10748|INFO|db_init.py:170]  Import excel data [transport_cost] successfully
[2024-09-16 19:33:33|10748|INFO|db_init.py:170]  Import excel data [empty_car] successfully
[2024-09-16 19:34:24|19512|INFO|db_init.py:108]  drop my table successfully
[2024-09-16 19:34:25|19512|INFO|db_init.py:141]  create my table successfully
[2024-09-16 19:34:28|19512|INFO|db_init.py:170]  Import excel data [part] successfully
[2024-09-16 19:34:33|19512|INFO|db_init.py:170]  Import excel data [part_optimize] successfully
[2024-09-16 19:34:34|19512|INFO|db_init.py:170]  Import excel data [vehicle] successfully
[2024-09-16 19:34:34|19512|INFO|db_init.py:170]  Import excel data [regress_predict] successfully
[2024-09-16 19:34:35|19512|INFO|db_init.py:170]  Import excel data [transport] successfully
[2024-09-16 19:34:36|19512|INFO|db_init.py:170]  Import excel data [transport_cost] successfully
[2024-09-16 19:34:37|19512|INFO|db_init.py:170]  Import excel data [empty_car] successfully
[2024-09-16 19:35:56|23472|INFO|db_init.py:108]  drop my table successfully
[2024-09-16 19:35:56|23472|INFO|db_init.py:141]  create my table successfully
[2024-09-16 19:35:58|23472|INFO|db_init.py:170]  Import excel data [part] successfully
[2024-09-16 19:35:58|23472|INFO|db_init.py:170]  Import excel data [part_optimize] successfully
[2024-09-16 19:35:58|23472|INFO|db_init.py:170]  Import excel data [vehicle] successfully
[2024-09-16 19:35:58|23472|INFO|db_init.py:170]  Import excel data [regress_predict] successfully
[2024-09-16 19:35:58|23472|INFO|db_init.py:170]  Import excel data [transport] successfully
[2024-09-16 19:35:58|23472|INFO|db_init.py:170]  Import excel data [transport_cost] successfully
[2024-09-16 19:35:58|23472|INFO|db_init.py:170]  Import excel data [empty_car] successfully
[2024-09-16 19:37:18|27616|INFO|db_init.py:108]  drop my table successfully
[2024-09-16 19:37:18|27616|INFO|db_init.py:141]  create my table successfully
[2024-09-16 19:37:19|27616|INFO|db_init.py:170]  Import excel data [part] successfully
[2024-09-16 19:37:20|27616|INFO|db_init.py:170]  Import excel data [part_optimize] successfully
[2024-09-16 19:37:20|27616|INFO|db_init.py:170]  Import excel data [vehicle] successfully
[2024-09-16 19:37:20|27616|INFO|db_init.py:170]  Import excel data [regress_predict] successfully
[2024-09-16 19:37:20|27616|INFO|db_init.py:170]  Import excel data [transport] successfully
[2024-09-16 19:37:20|27616|INFO|db_init.py:170]  Import excel data [transport_cost] successfully
[2024-09-16 19:37:20|27616|INFO|db_init.py:170]  Import excel data [empty_car] successfully
[2024-09-16 19:52:22|15284|INFO|db_init.py:108]  drop my table successfully
[2024-09-16 19:52:22|15284|INFO|db_init.py:141]  create my table successfully
[2024-09-16 19:52:23|15284|INFO|db_init.py:170]  Import excel data [part] successfully
[2024-09-16 19:52:24|15284|INFO|db_init.py:170]  Import excel data [part_optimize] successfully
[2024-09-16 19:52:24|15284|INFO|db_init.py:170]  Import excel data [vehicle] successfully
[2024-09-16 19:52:24|15284|INFO|db_init.py:170]  Import excel data [regress_predict] successfully
[2024-09-16 19:52:24|15284|INFO|db_init.py:170]  Import excel data [transport] successfully
[2024-09-16 19:52:24|15284|INFO|db_init.py:170]  Import excel data [transport_cost] successfully
[2024-09-16 19:52:25|15284|INFO|db_init.py:170]  Import excel data [empty_car] successfully
[2024-09-16 19:55:38|16380|INFO|db_init.py:108]  drop my table successfully
[2024-09-16 19:55:38|16380|INFO|db_init.py:141]  create my table successfully
[2024-09-16 19:55:39|16380|INFO|db_init.py:170]  Import excel data [part] successfully
[2024-09-16 19:55:39|16380|INFO|db_init.py:170]  Import excel data [part_optimize] successfully
[2024-09-16 19:55:39|16380|INFO|db_init.py:170]  Import excel data [vehicle] successfully
[2024-09-16 19:55:39|16380|INFO|db_init.py:170]  Import excel data [regress_predict] successfully
[2024-09-16 19:55:39|16380|INFO|db_init.py:170]  Import excel data [transport] successfully
[2024-09-16 19:55:40|16380|INFO|db_init.py:170]  Import excel data [transport_cost] successfully
[2024-09-16 19:55:40|16380|INFO|db_init.py:170]  Import excel data [empty_car] successfully
[2024-09-16 19:56:26|15784|INFO|base_model.py:91]  session [2482330280096] and [RegressPredict] has an operator: QUERY.
[2024-09-16 19:56:26|15784|INFO|sales_view.py:31]  Regress Predict init successfully
[2024-09-16 19:56:26|976|INFO|base_model.py:91]  session [2482330416656] and [RegressPredict] has an operator: QUERY.
[2024-09-16 19:56:26|976|INFO|sales_view.py:31]  Regress Predict init successfully
[2024-09-16 19:56:37|11300|INFO|sales_view.py:44]  使用多元线性回归预测2024/01~2024/12的汽车销量情况
[2024-09-16 19:56:38|11300|INFO|base_model.py:32]  session [2482331812768] and [RegressPredict] has an operator: ADD.
[2024-09-16 19:56:38|11300|INFO|base_model.py:91]  session [2482331812768] and [RegressPredict] has an operator: QUERY.
[2024-09-16 19:56:38|11300|INFO|sales_view.py:56]  Regress Predict successfully
[2024-09-16 19:56:48|11688|INFO|base_model.py:91]  session [2482338308256] and [Part] has an operator: QUERY.
[2024-09-16 19:56:48|11688|INFO|part_view.py:28]  part init successfully
[2024-09-16 19:56:49|3652|INFO|base_model.py:91]  session [2482334422688] and [Part] has an operator: QUERY.
[2024-09-16 19:56:49|3652|INFO|part_view.py:28]  part init successfully
[2024-09-16 19:57:04|6096|INFO|base_model.py:91]  session [2482340046544] and [Transport] has an operator: QUERY.
[2024-09-16 19:57:04|6096|INFO|vehicle_view.py:58]  transport init successfully
[2024-09-16 19:57:04|25976|INFO|base_model.py:91]  session [2482337969536] and [Transport] has an operator: QUERY.
[2024-09-16 19:57:04|25976|INFO|vehicle_view.py:58]  transport init successfully
[2024-09-16 19:57:05|2916|INFO|base_model.py:91]  session [2482331812048] and [Vehicle] has an operator: QUERY.
[2024-09-16 19:57:05|2916|INFO|vehicle_view.py:28]  Vehicle init successfully
[2024-09-16 19:57:05|24272|INFO|base_model.py:91]  session [2482339843664] and [Vehicle] has an operator: QUERY.
[2024-09-16 19:57:05|24272|INFO|vehicle_view.py:28]  Vehicle init successfully
[2024-09-16 19:57:13|12896|INFO|base_model.py:91]  session [2482338507360] and [Transport] has an operator: QUERY.
[2024-09-16 19:57:13|12896|INFO|vehicle_view.py:58]  transport init successfully
[2024-09-16 19:57:14|21480|INFO|base_model.py:91]  session [2482338815184] and [Transport] has an operator: QUERY.
[2024-09-16 19:57:14|21480|INFO|vehicle_view.py:58]  transport init successfully
[2024-09-16 19:57:18|15112|INFO|base_model.py:91]  session [2482339001392] and [TransportCost] has an operator: QUERY.
[2024-09-16 19:57:18|15112|INFO|vehicle_view.py:111]  transport cost successfully
[2024-09-16 19:57:19|16724|INFO|base_model.py:91]  session [2482340048608] and [TransportCost] has an operator: QUERY.
[2024-09-16 19:57:19|16724|INFO|vehicle_view.py:111]  transport cost successfully
[2024-09-16 19:57:20|2480|INFO|base_model.py:91]  session [2482339004080] and [TransportCost] has an operator: QUERY.
[2024-09-16 19:57:20|2480|INFO|vehicle_view.py:111]  transport cost successfully
[2024-09-16 19:57:22|14084|INFO|base_model.py:91]  session [2482339004176] and [Transport] has an operator: QUERY.
[2024-09-16 19:57:22|14084|INFO|vehicle_view.py:58]  transport init successfully
[2024-09-16 19:57:22|26900|INFO|base_model.py:91]  session [2482338815232] and [Transport] has an operator: QUERY.
[2024-09-16 19:57:22|26900|INFO|vehicle_view.py:58]  transport init successfully
[2024-09-16 19:57:22|6448|INFO|base_model.py:91]  session [2482338508368] and [Transport] has an operator: QUERY.
[2024-09-16 19:57:22|6448|INFO|vehicle_view.py:58]  transport init successfully
[2024-09-16 19:57:27|21196|INFO|base_model.py:91]  session [2482339074304] and [TransportCost] has an operator: QUERY.
[2024-09-16 19:57:27|21196|INFO|vehicle_view.py:111]  transport cost successfully
