[2024-11-29 18:21:57|19764|INFO|base_model.py:91]  session [1555215379200] and [user] has an operator: QUERY.
[2024-11-29 18:22:01|3772|INFO|base_model.py:91]  session [1555215380640] and [RegressPredict] has an operator: QUERY.
[2024-11-29 18:22:01|3772|INFO|sales_view.py:31]  Regress Predict init successfully
[2024-11-29 18:22:01|24548|INFO|base_model.py:91]  session [1555215377664] and [RegressPredict] has an operator: QUERY.
[2024-11-29 18:22:01|24548|INFO|sales_view.py:31]  Regress Predict init successfully
[2024-11-29 18:22:07|20972|INFO|sales_view.py:44]  使用随机森林回归预测2024/01~2024/10的汽车销量情况
[2024-11-29 18:22:08|20972|INFO|base_model.py:32]  session [1556786369184] and [RegressPredict] has an operator: ADD.
[2024-11-29 18:22:08|20972|INFO|base_model.py:91]  session [1556786369184] and [RegressPredict] has an operator: QUERY.
[2024-11-29 18:22:08|20972|INFO|sales_view.py:56]  Regress Predict successfully
[2024-11-29 18:22:22|1676|INFO|sales_view.py:44]  使用弹性网络回归预测2024/05~2024-10的汽车销量情况
[2024-11-29 18:22:22|1676|ERROR|db_connection.py:53]  [Except]transaction function error, info is invalid literal for int() with base 10: '2024-10'
[2024-11-29 18:22:22|1676|ERROR|db_connection.py:54]  Traceback (most recent call last):
  File "D:\py_learn\learn\LogisticsDesign\LogisticsDesign\database\db_connection.py", line 44, in wrapper
    res = func(*args, **kwargs)
  File "D:\py_learn\learn\LogisticsDesign\LogisticsDesign\back_end\views\sales_view.py", line 46, in sales_regress
    res_dict = predict(method, start, end)
  File "D:\py_learn\learn\LogisticsDesign\LogisticsDesign\business\sales\sales_predict.py", line 25, in predict
    data, res_dict = model.predict(start, end)
  File "D:\py_learn\learn\LogisticsDesign\LogisticsDesign\business\sales\base_regress.py", line 40, in predict
    end_id = handle_date(self.last_date, self.last_time_id, end_time)
  File "D:\py_learn\learn\LogisticsDesign\LogisticsDesign\business\sales\base_regress.py", line 74, in handle_date
    start_year = int(start_date[0])
ValueError: invalid literal for int() with base 10: '2024-10'

[2024-11-29 18:22:22|1676|ERROR|__init__.py:117]  handle_date error, info is invalid literal for int() with base 10: '2024-10'
[2024-11-29 18:22:22|1676|ERROR|__init__.py:118]  Traceback (most recent call last):
  File "D:\ruanjian\Python\Python310\lib\site-packages\flask\app.py", line 870, in full_dispatch_request
    rv = self.dispatch_request()
  File "D:\ruanjian\Python\Python310\lib\site-packages\flask\app.py", line 855, in dispatch_request
    return self.ensure_sync(self.view_functions[rule.endpoint])(**view_args)  # type: ignore[no-any-return]
  File "D:\py_learn\learn\LogisticsDesign\LogisticsDesign\database\db_connection.py", line 56, in wrapper
    raise e
  File "D:\py_learn\learn\LogisticsDesign\LogisticsDesign\database\db_connection.py", line 44, in wrapper
    res = func(*args, **kwargs)
  File "D:\py_learn\learn\LogisticsDesign\LogisticsDesign\back_end\views\sales_view.py", line 46, in sales_regress
    res_dict = predict(method, start, end)
  File "D:\py_learn\learn\LogisticsDesign\LogisticsDesign\business\sales\sales_predict.py", line 25, in predict
    data, res_dict = model.predict(start, end)
  File "D:\py_learn\learn\LogisticsDesign\LogisticsDesign\business\sales\base_regress.py", line 40, in predict
    end_id = handle_date(self.last_date, self.last_time_id, end_time)
  File "D:\py_learn\learn\LogisticsDesign\LogisticsDesign\business\sales\base_regress.py", line 74, in handle_date
    start_year = int(start_date[0])
ValueError: invalid literal for int() with base 10: '2024-10'

[2024-11-29 18:22:38|6836|INFO|base_model.py:91]  session [1555223335248] and [RegressPredict] has an operator: QUERY.
[2024-11-29 18:22:38|6836|INFO|sales_view.py:31]  Regress Predict init successfully
[2024-11-29 18:22:39|8752|INFO|base_model.py:91]  session [1555223414480] and [RegressPredict] has an operator: QUERY.
[2024-11-29 18:22:39|8752|INFO|sales_view.py:31]  Regress Predict init successfully
[2024-11-29 18:22:40|1944|INFO|base_model.py:91]  session [1555223428592] and [RegressPredict] has an operator: QUERY.
[2024-11-29 18:22:40|1944|INFO|sales_view.py:31]  Regress Predict init successfully
[2024-11-29 18:22:47|4472|INFO|sales_view.py:44]  使用弹性网络回归预测2024/05~2024/10的汽车销量情况
[2024-11-29 18:22:47|4472|INFO|base_model.py:32]  session [1555223425904] and [RegressPredict] has an operator: ADD.
[2024-11-29 18:22:47|4472|INFO|base_model.py:91]  session [1555223425904] and [RegressPredict] has an operator: QUERY.
[2024-11-29 18:22:47|4472|INFO|sales_view.py:56]  Regress Predict successfully
[2024-11-29 18:23:00|25128|INFO|sales_view.py:44]  使用弹性网络回归预测2024/01~2024/08的汽车销量情况
[2024-11-29 18:23:00|25128|INFO|base_model.py:32]  session [1555227311168] and [RegressPredict] has an operator: ADD.
[2024-11-29 18:23:00|25128|INFO|base_model.py:91]  session [1555227311168] and [RegressPredict] has an operator: QUERY.
[2024-11-29 18:23:00|25128|INFO|sales_view.py:56]  Regress Predict successfully
[2024-11-29 18:23:38|23560|INFO|sales_view.py:44]  使用弹性网络回归预测2024/05~2024/12的汽车销量情况
[2024-11-29 18:23:39|23560|INFO|base_model.py:32]  session [1555227297296] and [RegressPredict] has an operator: ADD.
[2024-11-29 18:23:39|23560|INFO|base_model.py:91]  session [1555227297296] and [RegressPredict] has an operator: QUERY.
[2024-11-29 18:23:39|23560|INFO|sales_view.py:56]  Regress Predict successfully
[2024-11-29 18:26:25|19644|INFO|base_model.py:91]  session [1555226599792] and [RegressPredict] has an operator: QUERY.
[2024-11-29 18:26:25|19644|INFO|sales_view.py:31]  Regress Predict init successfully
[2024-11-29 18:28:02|26540|INFO|base_model.py:91]  session [1555226600416] and [RegressPredict] has an operator: QUERY.
[2024-11-29 18:28:02|26540|INFO|sales_view.py:31]  Regress Predict init successfully
[2024-11-29 18:28:08|26584|INFO|sales_view.py:44]  使用随机森林回归预测2024/05~2024/10的汽车销量情况
[2024-11-29 18:28:08|26584|INFO|base_model.py:32]  session [1555226597680] and [RegressPredict] has an operator: ADD.
[2024-11-29 18:28:08|26584|INFO|base_model.py:91]  session [1555226597680] and [RegressPredict] has an operator: QUERY.
[2024-11-29 18:28:08|26584|INFO|sales_view.py:56]  Regress Predict successfully
